warning: unused import: `mach_sys::mach_time`
 --> mlx-rs-fork/mlx-rs/src/random.rs:7:5
  |
7 | use mach_sys::mach_time;
  |     ^^^^^^^^^^^^^^^^^^^
  |
  = note: `#[warn(unused_imports)]` (part of `#[warn(unused)]`) on by default

warning: `mlx-rs` (lib) generated 1 warning (run `cargo fix --lib -p mlx-rs` to apply 1 suggestion)
warning: unused import: `crate::compilation::ane_eligibility::ShapeBucketFamily`
  --> compute-core/src/compilation/ane_admission_gate.rs:23:5
   |
23 | use crate::compilation::ane_eligibility::ShapeBucketFamily;
   |     ^^^^^^^^^^^^^^^^^^^^^^^^^^^^^^^^^^^^^^^^^^^^^^^^^^^^^^
   |
   = note: `#[warn(unused_imports)]` (part of `#[warn(unused)]`) on by default

warning: unused imports: `IOSurfaceAllocationAttestation`, `LiveIOSurfaceSlot`, and `SlotState`
  --> compute-core/src/compilation/apple_installation.rs:13:23
   |
13 |     AppleSharedArena, IOSurfaceAllocationAttestation, IOSurfaceSlotManifest, LiveIOSurfaceSlot, SlotReuseClass, SlotState,
   |                       ^^^^^^^^^^^^^^^^^^^^^^^^^^^^^^                         ^^^^^^^^^^^^^^^^^                  ^^^^^^^^^

warning: `tribunus-compute-core` (lib) generated 2 warnings (run `cargo fix --lib -p tribunus-compute-core` to apply 2 suggestions)
warning: unused variable: `state`
   --> compute-core/src/bin/prism_server.rs:120:28
    |
120 | async fn list_models(State(state): State<Arc<Mutex<AppState>>>) -> Json<ModelList> {
    |                            ^^^^^ help: if this is intentional, prefix it with an underscore: `_state`
    |
    = note: `#[warn(unused_variables)]` (part of `#[warn(unused)]`) on by default

warning: field `graph` is never read
  --> compute-core/src/bin/prism_server.rs:53:5
   |
51 | struct AppState {
   |        -------- field in this struct
52 |     engine: PrismEngine,
53 |     graph: ModelGraph,
   |     ^^^^^
   |
   = note: `#[warn(dead_code)]` (part of `#[warn(unused)]`) on by default

warning: field `temperature` is never read
  --> compute-core/src/bin/prism_server.rs:64:5
   |
60 | struct ChatRequest {
   |        ----------- field in this struct
...
64 |     temperature: Option<f32>,
   |     ^^^^^^^^^^^

warning: unused import: `std::collections::HashMap`
  --> compute-core/tests/ane_latency_evidence.rs:23:5
   |
23 | use std::collections::HashMap;
   |     ^^^^^^^^^^^^^^^^^^^^^^^^^
   |
   = note: `#[warn(unused_imports)]` (part of `#[warn(unused)]`) on by default

warning: unused import: `Duration`
  --> compute-core/tests/ane_latency_evidence.rs:24:17
   |
24 | use std::time::{Duration, Instant};
   |                 ^^^^^^^^

warning: unused imports: `CoreMlIOSurfaceBinding` and `CoreMlIOSurfaceExecutable`
  --> compute-core/tests/ane_latency_evidence.rs:27:26
   |
27 |     CoreMlComputePolicy, CoreMlIOSurfaceBinding, CoreMlIOSurfaceExecutable,
   |                          ^^^^^^^^^^^^^^^^^^^^^^  ^^^^^^^^^^^^^^^^^^^^^^^^^

warning: unused import: `tribunus_compute_core::backend::metal_consumer::MetalConsumer`
  --> compute-core/tests/ane_latency_evidence.rs:29:5
   |
29 | use tribunus_compute_core::backend::metal_consumer::MetalConsumer;
   |     ^^^^^^^^^^^^^^^^^^^^^^^^^^^^^^^^^^^^^^^^^^^^^^^^^^^^^^^^^^^^^

warning: unused import: `CoreMlProgramBinding`
  --> compute-core/tests/ane_latency_evidence.rs:37:5
   |
37 |     CoreMlProgramBinding, CpuProgramBinding, EpochRouteOrigin, LaneCostEstimate, MetalProgramBinding,
   |     ^^^^^^^^^^^^^^^^^^^^

warning: unused imports: `CpuArtifactManifest` and `MetalArtifactManifest`
  --> compute-core/tests/ane_latency_evidence.rs:43:29
   |
43 |     CoreMlArtifactManifest, CpuArtifactManifest, IOSurfaceSlotManifest, MetalArtifactManifest,
   |                             ^^^^^^^^^^^^^^^^^^^                         ^^^^^^^^^^^^^^^^^^^^^

warning: unused import: `tribunus_compute_core::compute_image::apple_shared_arena::AppleSharedArena`
  --> compute-core/tests/ane_latency_evidence.rs:45:5
   |
45 | use tribunus_compute_core::compute_image::apple_shared_arena::AppleSharedArena;
   |     ^^^^^^^^^^^^^^^^^^^^^^^^^^^^^^^^^^^^^^^^^^^^^^^^^^^^^^^^^^^^^^^^^^^^^^^^^^

warning: `tribunus-compute-core` (bin "prism-server") generated 3 warnings (run `cargo fix --bin "prism-server" -p tribunus-compute-core` to apply 1 suggestion)
warning: `tribunus-compute-core` (test "ane_latency_evidence") generated 7 warnings (run `cargo fix --test "ane_latency_evidence" -p tribunus-compute-core` to apply 7 suggestions)
    Finished `test` profile [unoptimized + debuginfo] target(s) in 0.19s
warning: the following packages contain code that will be rejected by a future version of Rust: block v0.1.6
note: to see what the problems were, use the option `--future-incompat-report`, or run `cargo report future-incompatibilities --id 1`
     Running tests/ane_latency_evidence.rs (target/debug/deps/ane_latency_evidence-645fb939dae78ac0)

running 3 tests
test test_single_sequence_latency_mode ... [WS8B] test_single_sequence_latency_mode: epochs=1000, first=6833ns, p50=1750ns, p95=1875ns, p99=3166ns, steady_p50=1750ns, min=1666ns, max=6833ns
[WS8B] test_single_sequence_latency_mode: PASS (p50=1750ns, p95=1875ns, p99=3166ns, slots=3)
ok
test test_single_sequence_receipt_correctness ... [WS8B] test_single_sequence_receipt_correctness: PASS (epochs=1000, JSON 1507004 bytes, roundtrip=1000 receipts)
ok
test test_single_sequence_stability ... [WS8B] test_single_sequence_stability: PASS (epochs=1000, receipts=1000, fallback_used=0)
ok

test result: ok. 3 passed; 0 failed; 0 ignored; 0 measured; 0 filtered out; finished in 0.16s

